{"C:\\Users\\amaan\\Desktop\\Sem6\\CCP\\fragments\\src\\app.js": {"path":"C:\\Users\\amaan\\Desktop\\Sem6\\CCP\\fragments\\src\\app.js","statementMap":{"0":{"start":{"line":3,"column":16},"end":{"line":3,"column":34}},"1":{"start":{"line":4,"column":13},"end":{"line":4,"column":28}},"2":{"start":{"line":5,"column":15},"end":{"line":5,"column":32}},"3":{"start":{"line":6,"column":20},"end":{"line":6,"column":42}},"4":{"start":{"line":7,"column":17},"end":{"line":7,"column":36}},"5":{"start":{"line":8,"column":22},"end":{"line":8,"column":48}},"6":{"start":{"line":9,"column":32},"end":{"line":9,"column":53}},"7":{"start":{"line":13,"column":15},"end":{"line":13,"column":34}},"8":{"start":{"line":14,"column":13},"end":{"line":17,"column":2}},"9":{"start":{"line":20,"column":12},"end":{"line":20,"column":21}},"10":{"start":{"line":23,"column":0},"end":{"line":23,"column":14}},"11":{"start":{"line":26,"column":0},"end":{"line":26,"column":18}},"12":{"start":{"line":29,"column":0},"end":{"line":29,"column":16}},"13":{"start":{"line":32,"column":0},"end":{"line":32,"column":23}},"14":{"start":{"line":35,"column":0},"end":{"line":35,"column":39}},"15":{"start":{"line":36,"column":0},"end":{"line":36,"column":31}},"16":{"start":{"line":55,"column":0},"end":{"line":55,"column":34}},"17":{"start":{"line":57,"column":0},"end":{"line":67,"column":3}},"18":{"start":{"line":58,"column":2},"end":{"line":66,"column":4}},"19":{"start":{"line":71,"column":0},"end":{"line":89,"column":3}},"20":{"start":{"line":74,"column":17},"end":{"line":74,"column":34}},"21":{"start":{"line":75,"column":18},"end":{"line":75,"column":60}},"22":{"start":{"line":78,"column":2},"end":{"line":80,"column":3}},"23":{"start":{"line":79,"column":4},"end":{"line":79,"column":54}},"24":{"start":{"line":82,"column":2},"end":{"line":88,"column":5}},"25":{"start":{"line":92,"column":0},"end":{"line":92,"column":21}}},"fnMap":{"0":{"name":"(anonymous_0)","decl":{"start":{"line":57,"column":8},"end":{"line":57,"column":9}},"loc":{"start":{"line":57,"column":22},"end":{"line":67,"column":1}},"line":57},"1":{"name":"(anonymous_1)","decl":{"start":{"line":71,"column":8},"end":{"line":71,"column":9}},"loc":{"start":{"line":71,"column":33},"end":{"line":89,"column":1}},"line":71}},"branchMap":{"0":{"loc":{"start":{"line":74,"column":17},"end":{"line":74,"column":34}},"type":"binary-expr","locations":[{"start":{"line":74,"column":17},"end":{"line":74,"column":27}},{"start":{"line":74,"column":31},"end":{"line":74,"column":34}}],"line":74},"1":{"loc":{"start":{"line":75,"column":18},"end":{"line":75,"column":60}},"type":"binary-expr","locations":[{"start":{"line":75,"column":18},"end":{"line":75,"column":29}},{"start":{"line":75,"column":33},"end":{"line":75,"column":60}}],"line":75},"2":{"loc":{"start":{"line":78,"column":2},"end":{"line":80,"column":3}},"type":"if","locations":[{"start":{"line":78,"column":2},"end":{"line":80,"column":3}},{"start":{},"end":{}}],"line":78}},"s":{"0":6,"1":6,"2":6,"3":6,"4":6,"5":6,"6":6,"7":6,"8":6,"9":6,"10":6,"11":6,"12":6,"13":6,"14":6,"15":6,"16":6,"17":6,"18":1,"19":6,"20":0,"21":0,"22":0,"23":0,"24":0,"25":6},"f":{"0":1,"1":0},"b":{"0":[0,0],"1":[0,0],"2":[0,0]},"_coverageSchema":"1a1c01bbd47fc00a2c39e90264f33305004495a9","hash":"40aeaa039048563fd7b9509ae73d53580f117e76"}
,"C:\\Users\\amaan\\Desktop\\Sem6\\CCP\\fragments\\src\\hash.js": {"path":"C:\\Users\\amaan\\Desktop\\Sem6\\CCP\\fragments\\src\\hash.js","statementMap":{"0":{"start":{"line":16,"column":15},"end":{"line":16,"column":32}},"1":{"start":{"line":18,"column":0},"end":{"line":18,"column":84}},"2":{"start":{"line":18,"column":28},"end":{"line":18,"column":83}}},"fnMap":{"0":{"name":"(anonymous_0)","decl":{"start":{"line":18,"column":17},"end":{"line":18,"column":18}},"loc":{"start":{"line":18,"column":28},"end":{"line":18,"column":83}},"line":18}},"branchMap":{},"s":{"0":7,"1":7,"2":24},"f":{"0":24},"b":{},"_coverageSchema":"1a1c01bbd47fc00a2c39e90264f33305004495a9","hash":"ef3e50f8754a86da3dae277de53f25d667507097"}
,"C:\\Users\\amaan\\Desktop\\Sem6\\CCP\\fragments\\src\\logger.js": {"path":"C:\\Users\\amaan\\Desktop\\Sem6\\CCP\\fragments\\src\\logger.js","statementMap":{"0":{"start":{"line":4,"column":16},"end":{"line":4,"column":58}},"1":{"start":{"line":7,"column":0},"end":{"line":15,"column":1}},"2":{"start":{"line":9,"column":2},"end":{"line":14,"column":4}},"3":{"start":{"line":19,"column":0},"end":{"line":19,"column":42}}},"fnMap":{},"branchMap":{"0":{"loc":{"start":{"line":4,"column":25},"end":{"line":4,"column":56}},"type":"binary-expr","locations":[{"start":{"line":4,"column":25},"end":{"line":4,"column":46}},{"start":{"line":4,"column":50},"end":{"line":4,"column":56}}],"line":4},"1":{"loc":{"start":{"line":7,"column":0},"end":{"line":15,"column":1}},"type":"if","locations":[{"start":{"line":7,"column":0},"end":{"line":15,"column":1}},{"start":{},"end":{}}],"line":7}},"s":{"0":7,"1":7,"2":0,"3":7},"f":{},"b":{"0":[7,0],"1":[0,7]},"_coverageSchema":"1a1c01bbd47fc00a2c39e90264f33305004495a9","hash":"b4256a4c9b9bbb373f8e2236693ea0402ab9c920"}
,"C:\\Users\\amaan\\Desktop\\Sem6\\CCP\\fragments\\src\\response.js": {"path":"C:\\Users\\amaan\\Desktop\\Sem6\\CCP\\fragments\\src\\response.js","statementMap":{"0":{"start":{"line":11,"column":0},"end":{"line":18,"column":2}},"1":{"start":{"line":12,"column":2},"end":{"line":17,"column":4}},"2":{"start":{"line":31,"column":0},"end":{"line":40,"column":2}},"3":{"start":{"line":33,"column":2},"end":{"line":39,"column":4}}},"fnMap":{"0":{"name":"(anonymous_0)","decl":{"start":{"line":11,"column":39},"end":{"line":11,"column":40}},"loc":{"start":{"line":11,"column":55},"end":{"line":18,"column":1}},"line":11},"1":{"name":"(anonymous_1)","decl":{"start":{"line":31,"column":37},"end":{"line":31,"column":38}},"loc":{"start":{"line":31,"column":62},"end":{"line":40,"column":1}},"line":31}},"branchMap":{},"s":{"0":7,"1":21,"2":7,"3":14},"f":{"0":21,"1":14},"b":{},"_coverageSchema":"1a1c01bbd47fc00a2c39e90264f33305004495a9","hash":"98bda73d97b7a2f1914dec5d6684ee4662468533"}
,"C:\\Users\\amaan\\Desktop\\Sem6\\CCP\\fragments\\src\\authorization\\authorize-middleware.js": {"path":"C:\\Users\\amaan\\Desktop\\Sem6\\CCP\\fragments\\src\\authorization\\authorize-middleware.js","statementMap":{"0":{"start":{"line":1,"column":17},"end":{"line":1,"column":36}},"1":{"start":{"line":3,"column":32},"end":{"line":3,"column":54}},"2":{"start":{"line":4,"column":13},"end":{"line":4,"column":31}},"3":{"start":{"line":5,"column":15},"end":{"line":5,"column":35}},"4":{"start":{"line":11,"column":0},"end":{"line":41,"column":2}},"5":{"start":{"line":12,"column":2},"end":{"line":40,"column":4}},"6":{"start":{"line":21,"column":6},"end":{"line":24,"column":7}},"7":{"start":{"line":22,"column":8},"end":{"line":22,"column":58}},"8":{"start":{"line":23,"column":8},"end":{"line":23,"column":77}},"9":{"start":{"line":27,"column":6},"end":{"line":29,"column":7}},"10":{"start":{"line":28,"column":8},"end":{"line":28,"column":78}},"11":{"start":{"line":32,"column":6},"end":{"line":32,"column":29}},"12":{"start":{"line":33,"column":6},"end":{"line":33,"column":68}},"13":{"start":{"line":34,"column":6},"end":{"line":34,"column":13}},"14":{"start":{"line":39,"column":4},"end":{"line":39,"column":86}}},"fnMap":{"0":{"name":"(anonymous_0)","decl":{"start":{"line":11,"column":17},"end":{"line":11,"column":18}},"loc":{"start":{"line":11,"column":35},"end":{"line":41,"column":1}},"line":11},"1":{"name":"(anonymous_1)","decl":{"start":{"line":12,"column":9},"end":{"line":12,"column":10}},"loc":{"start":{"line":12,"column":35},"end":{"line":40,"column":3}},"line":12},"2":{"name":"callback","decl":{"start":{"line":19,"column":13},"end":{"line":19,"column":21}},"loc":{"start":{"line":19,"column":34},"end":{"line":35,"column":5}},"line":19}},"branchMap":{"0":{"loc":{"start":{"line":21,"column":6},"end":{"line":24,"column":7}},"type":"if","locations":[{"start":{"line":21,"column":6},"end":{"line":24,"column":7}},{"start":{},"end":{}}],"line":21},"1":{"loc":{"start":{"line":27,"column":6},"end":{"line":29,"column":7}},"type":"if","locations":[{"start":{"line":27,"column":6},"end":{"line":29,"column":7}},{"start":{},"end":{}}],"line":27}},"s":{"0":6,"1":6,"2":6,"3":6,"4":6,"5":6,"6":29,"7":0,"8":0,"9":29,"10":8,"11":21,"12":21,"13":21,"14":29},"f":{"0":6,"1":29,"2":29},"b":{"0":[0,29],"1":[8,21]},"_coverageSchema":"1a1c01bbd47fc00a2c39e90264f33305004495a9","hash":"956334cd645763a069e23e673e9288b6ccd11bf0"}
,"C:\\Users\\amaan\\Desktop\\Sem6\\CCP\\fragments\\src\\authorization\\basic-auth.js": {"path":"C:\\Users\\amaan\\Desktop\\Sem6\\CCP\\fragments\\src\\authorization\\basic-auth.js","statementMap":{"0":{"start":{"line":6,"column":13},"end":{"line":6,"column":33}},"1":{"start":{"line":8,"column":21},"end":{"line":8,"column":50}},"2":{"start":{"line":9,"column":18},"end":{"line":9,"column":51}},"3":{"start":{"line":11,"column":0},"end":{"line":13,"column":1}},"4":{"start":{"line":12,"column":2},"end":{"line":12,"column":61}},"5":{"start":{"line":15,"column":0},"end":{"line":22,"column":4}},"6":{"start":{"line":18,"column":2},"end":{"line":22,"column":3}},"7":{"start":{"line":24,"column":0},"end":{"line":24,"column":54}},"8":{"start":{"line":24,"column":36},"end":{"line":24,"column":53}}},"fnMap":{"0":{"name":"(anonymous_0)","decl":{"start":{"line":15,"column":26},"end":{"line":15,"column":27}},"loc":{"start":{"line":18,"column":2},"end":{"line":22,"column":3}},"line":18},"1":{"name":"(anonymous_1)","decl":{"start":{"line":24,"column":30},"end":{"line":24,"column":31}},"loc":{"start":{"line":24,"column":36},"end":{"line":24,"column":53}},"line":24}},"branchMap":{"0":{"loc":{"start":{"line":11,"column":0},"end":{"line":13,"column":1}},"type":"if","locations":[{"start":{"line":11,"column":0},"end":{"line":13,"column":1}},{"start":{},"end":{}}],"line":11}},"s":{"0":6,"1":6,"2":6,"3":6,"4":0,"5":6,"6":6,"7":6,"8":6},"f":{"0":6,"1":6},"b":{"0":[0,6]},"_coverageSchema":"1a1c01bbd47fc00a2c39e90264f33305004495a9","hash":"68db08c7ce1946e31a9b9df820453434bb947e82"}
,"C:\\Users\\amaan\\Desktop\\Sem6\\CCP\\fragments\\src\\authorization\\index.js": {"path":"C:\\Users\\amaan\\Desktop\\Sem6\\CCP\\fragments\\src\\authorization\\index.js","statementMap":{"0":{"start":{"line":4,"column":0},"end":{"line":14,"column":1}},"1":{"start":{"line":5,"column":2},"end":{"line":5,"column":40}},"2":{"start":{"line":8,"column":5},"end":{"line":14,"column":1}},"3":{"start":{"line":9,"column":2},"end":{"line":9,"column":43}},"4":{"start":{"line":13,"column":2},"end":{"line":13,"column":76}}},"fnMap":{},"branchMap":{"0":{"loc":{"start":{"line":4,"column":0},"end":{"line":14,"column":1}},"type":"if","locations":[{"start":{"line":4,"column":0},"end":{"line":14,"column":1}},{"start":{"line":8,"column":5},"end":{"line":14,"column":1}}],"line":4},"1":{"loc":{"start":{"line":4,"column":4},"end":{"line":4,"column":72}},"type":"binary-expr","locations":[{"start":{"line":4,"column":4},"end":{"line":4,"column":35}},{"start":{"line":4,"column":39},"end":{"line":4,"column":72}}],"line":4},"2":{"loc":{"start":{"line":8,"column":5},"end":{"line":14,"column":1}},"type":"if","locations":[{"start":{"line":8,"column":5},"end":{"line":14,"column":1}},{"start":{"line":12,"column":5},"end":{"line":14,"column":1}}],"line":8},"3":{"loc":{"start":{"line":8,"column":9},"end":{"line":8,"column":71}},"type":"binary-expr","locations":[{"start":{"line":8,"column":9},"end":{"line":8,"column":34}},{"start":{"line":8,"column":38},"end":{"line":8,"column":71}}],"line":8}},"s":{"0":6,"1":0,"2":6,"3":6,"4":0},"f":{},"b":{"0":[0,6],"1":[6,0],"2":[6,0],"3":[6,6]},"_coverageSchema":"1a1c01bbd47fc00a2c39e90264f33305004495a9","hash":"02ab64f1100b28c7d55a2339a7383921cf62e72e"}
,"C:\\Users\\amaan\\Desktop\\Sem6\\CCP\\fragments\\src\\model\\fragment.js": {"path":"C:\\Users\\amaan\\Desktop\\Sem6\\CCP\\fragments\\src\\model\\fragment.js","statementMap":{"0":{"start":{"line":2,"column":19},"end":{"line":2,"column":36}},"1":{"start":{"line":4,"column":20},"end":{"line":4,"column":43}},"2":{"start":{"line":14,"column":4},"end":{"line":14,"column":21}},"3":{"start":{"line":16,"column":15},"end":{"line":16,"column":35}},"4":{"start":{"line":18,"column":19},"end":{"line":29,"column":1}},"5":{"start":{"line":33,"column":4},"end":{"line":48,"column":5}},"6":{"start":{"line":34,"column":6},"end":{"line":34,"column":55}},"7":{"start":{"line":35,"column":11},"end":{"line":48,"column":5}},"8":{"start":{"line":36,"column":6},"end":{"line":36,"column":47}},"9":{"start":{"line":37,"column":11},"end":{"line":48,"column":5}},"10":{"start":{"line":38,"column":6},"end":{"line":38,"column":49}},"11":{"start":{"line":39,"column":11},"end":{"line":48,"column":5}},"12":{"start":{"line":40,"column":6},"end":{"line":40,"column":38}},"13":{"start":{"line":42,"column":6},"end":{"line":42,"column":31}},"14":{"start":{"line":43,"column":6},"end":{"line":43,"column":29}},"15":{"start":{"line":44,"column":6},"end":{"line":44,"column":46}},"16":{"start":{"line":45,"column":6},"end":{"line":45,"column":46}},"17":{"start":{"line":46,"column":6},"end":{"line":46,"column":23}},"18":{"start":{"line":47,"column":6},"end":{"line":47,"column":23}},"19":{"start":{"line":58,"column":4},"end":{"line":58,"column":48}},"20":{"start":{"line":68,"column":4},"end":{"line":68,"column":43}},"21":{"start":{"line":78,"column":4},"end":{"line":78,"column":45}},"22":{"start":{"line":86,"column":4},"end":{"line":86,"column":44}},"23":{"start":{"line":87,"column":4},"end":{"line":87,"column":31}},"24":{"start":{"line":95,"column":4},"end":{"line":95,"column":57}},"25":{"start":{"line":104,"column":4},"end":{"line":110,"column":5}},"26":{"start":{"line":105,"column":6},"end":{"line":105,"column":46}},"27":{"start":{"line":107,"column":6},"end":{"line":107,"column":42}},"28":{"start":{"line":108,"column":6},"end":{"line":108,"column":18}},"29":{"start":{"line":109,"column":6},"end":{"line":109,"column":66}},"30":{"start":{"line":119,"column":21},"end":{"line":119,"column":49}},"31":{"start":{"line":120,"column":4},"end":{"line":120,"column":16}},"32":{"start":{"line":128,"column":4},"end":{"line":132,"column":5}},"33":{"start":{"line":129,"column":6},"end":{"line":129,"column":18}},"34":{"start":{"line":131,"column":6},"end":{"line":131,"column":19}},"35":{"start":{"line":140,"column":4},"end":{"line":150,"column":5}},"36":{"start":{"line":141,"column":6},"end":{"line":141,"column":28}},"37":{"start":{"line":142,"column":11},"end":{"line":150,"column":5}},"38":{"start":{"line":143,"column":6},"end":{"line":143,"column":58}},"39":{"start":{"line":144,"column":11},"end":{"line":150,"column":5}},"40":{"start":{"line":145,"column":6},"end":{"line":145,"column":41}},"41":{"start":{"line":146,"column":11},"end":{"line":150,"column":5}},"42":{"start":{"line":147,"column":6},"end":{"line":147,"column":48}},"43":{"start":{"line":149,"column":6},"end":{"line":149,"column":68}},"44":{"start":{"line":159,"column":4},"end":{"line":159,"column":46}},"45":{"start":{"line":160,"column":17},"end":{"line":160,"column":70}},"46":{"start":{"line":160,"column":46},"end":{"line":160,"column":69}},"47":{"start":{"line":161,"column":4},"end":{"line":161,"column":18}},"48":{"start":{"line":165,"column":0},"end":{"line":165,"column":35}}},"fnMap":{"0":{"name":"(anonymous_0)","decl":{"start":{"line":32,"column":2},"end":{"line":32,"column":3}},"loc":{"start":{"line":32,"column":47},"end":{"line":49,"column":3}},"line":32},"1":{"name":"(anonymous_1)","decl":{"start":{"line":57,"column":2},"end":{"line":57,"column":3}},"loc":{"start":{"line":57,"column":47},"end":{"line":59,"column":3}},"line":57},"2":{"name":"(anonymous_2)","decl":{"start":{"line":67,"column":2},"end":{"line":67,"column":3}},"loc":{"start":{"line":67,"column":33},"end":{"line":69,"column":3}},"line":67},"3":{"name":"(anonymous_3)","decl":{"start":{"line":77,"column":2},"end":{"line":77,"column":3}},"loc":{"start":{"line":77,"column":35},"end":{"line":79,"column":3}},"line":77},"4":{"name":"(anonymous_4)","decl":{"start":{"line":85,"column":2},"end":{"line":85,"column":3}},"loc":{"start":{"line":85,"column":9},"end":{"line":88,"column":3}},"line":85},"5":{"name":"(anonymous_5)","decl":{"start":{"line":94,"column":2},"end":{"line":94,"column":3}},"loc":{"start":{"line":94,"column":18},"end":{"line":96,"column":3}},"line":94},"6":{"name":"(anonymous_6)","decl":{"start":{"line":103,"column":2},"end":{"line":103,"column":3}},"loc":{"start":{"line":103,"column":22},"end":{"line":111,"column":3}},"line":103},"7":{"name":"(anonymous_7)","decl":{"start":{"line":118,"column":2},"end":{"line":118,"column":3}},"loc":{"start":{"line":118,"column":17},"end":{"line":121,"column":3}},"line":118},"8":{"name":"(anonymous_8)","decl":{"start":{"line":127,"column":2},"end":{"line":127,"column":3}},"loc":{"start":{"line":127,"column":15},"end":{"line":133,"column":3}},"line":127},"9":{"name":"(anonymous_9)","decl":{"start":{"line":139,"column":2},"end":{"line":139,"column":3}},"loc":{"start":{"line":139,"column":16},"end":{"line":151,"column":3}},"line":139},"10":{"name":"(anonymous_10)","decl":{"start":{"line":158,"column":2},"end":{"line":158,"column":3}},"loc":{"start":{"line":158,"column":32},"end":{"line":162,"column":3}},"line":158},"11":{"name":"(anonymous_11)","decl":{"start":{"line":160,"column":33},"end":{"line":160,"column":34}},"loc":{"start":{"line":160,"column":46},"end":{"line":160,"column":69}},"line":160}},"branchMap":{"0":{"loc":{"start":{"line":32,"column":35},"end":{"line":32,"column":43}},"type":"default-arg","locations":[{"start":{"line":32,"column":42},"end":{"line":32,"column":43}}],"line":32},"1":{"loc":{"start":{"line":33,"column":4},"end":{"line":48,"column":5}},"type":"if","locations":[{"start":{"line":33,"column":4},"end":{"line":48,"column":5}},{"start":{"line":35,"column":11},"end":{"line":48,"column":5}}],"line":33},"2":{"loc":{"start":{"line":33,"column":8},"end":{"line":33,"column":25}},"type":"binary-expr","locations":[{"start":{"line":33,"column":8},"end":{"line":33,"column":16}},{"start":{"line":33,"column":20},"end":{"line":33,"column":25}}],"line":33},"3":{"loc":{"start":{"line":35,"column":11},"end":{"line":48,"column":5}},"type":"if","locations":[{"start":{"line":35,"column":11},"end":{"line":48,"column":5}},{"start":{"line":37,"column":11},"end":{"line":48,"column":5}}],"line":35},"4":{"loc":{"start":{"line":37,"column":11},"end":{"line":48,"column":5}},"type":"if","locations":[{"start":{"line":37,"column":11},"end":{"line":48,"column":5}},{"start":{"line":39,"column":11},"end":{"line":48,"column":5}}],"line":37},"5":{"loc":{"start":{"line":39,"column":11},"end":{"line":48,"column":5}},"type":"if","locations":[{"start":{"line":39,"column":11},"end":{"line":48,"column":5}},{"start":{"line":41,"column":11},"end":{"line":48,"column":5}}],"line":39},"6":{"loc":{"start":{"line":42,"column":16},"end":{"line":42,"column":30}},"type":"binary-expr","locations":[{"start":{"line":42,"column":16},"end":{"line":42,"column":18}},{"start":{"line":42,"column":22},"end":{"line":42,"column":30}}],"line":42},"7":{"loc":{"start":{"line":57,"column":31},"end":{"line":57,"column":45}},"type":"default-arg","locations":[{"start":{"line":57,"column":40},"end":{"line":57,"column":45}}],"line":57},"8":{"loc":{"start":{"line":104,"column":4},"end":{"line":110,"column":5}},"type":"if","locations":[{"start":{"line":104,"column":4},"end":{"line":110,"column":5}},{"start":{"line":106,"column":11},"end":{"line":110,"column":5}}],"line":104},"9":{"loc":{"start":{"line":128,"column":4},"end":{"line":132,"column":5}},"type":"if","locations":[{"start":{"line":128,"column":4},"end":{"line":132,"column":5}},{"start":{"line":130,"column":11},"end":{"line":132,"column":5}}],"line":128},"10":{"loc":{"start":{"line":140,"column":4},"end":{"line":150,"column":5}},"type":"if","locations":[{"start":{"line":140,"column":4},"end":{"line":150,"column":5}},{"start":{"line":142,"column":11},"end":{"line":150,"column":5}}],"line":140},"11":{"loc":{"start":{"line":142,"column":11},"end":{"line":150,"column":5}},"type":"if","locations":[{"start":{"line":142,"column":11},"end":{"line":150,"column":5}},{"start":{"line":144,"column":11},"end":{"line":150,"column":5}}],"line":142},"12":{"loc":{"start":{"line":144,"column":11},"end":{"line":150,"column":5}},"type":"if","locations":[{"start":{"line":144,"column":11},"end":{"line":150,"column":5}},{"start":{"line":146,"column":11},"end":{"line":150,"column":5}}],"line":144},"13":{"loc":{"start":{"line":146,"column":11},"end":{"line":150,"column":5}},"type":"if","locations":[{"start":{"line":146,"column":11},"end":{"line":150,"column":5}},{"start":{"line":148,"column":11},"end":{"line":150,"column":5}}],"line":146}},"s":{"0":7,"1":7,"2":7,"3":7,"4":7,"5":41,"6":3,"7":38,"8":1,"9":37,"10":1,"11":36,"12":1,"13":35,"14":35,"15":35,"16":35,"17":35,"18":35,"19":6,"20":11,"21":1,"22":36,"23":36,"24":4,"25":19,"26":1,"27":18,"28":18,"29":18,"30":9,"31":9,"32":1,"33":1,"34":0,"35":3,"36":2,"37":1,"38":1,"39":0,"40":0,"41":0,"42":0,"43":0,"44":58,"45":58,"46":90,"47":58,"48":7},"f":{"0":41,"1":6,"2":11,"3":1,"4":36,"5":4,"6":19,"7":9,"8":1,"9":3,"10":58,"11":90},"b":{"0":[13],"1":[3,38],"2":[41,39],"3":[1,37],"4":[1,36],"5":[1,35],"6":[35,34],"7":[2],"8":[1,18],"9":[1,0],"10":[2,1],"11":[1,0],"12":[0,0],"13":[0,0]},"_coverageSchema":"1a1c01bbd47fc00a2c39e90264f33305004495a9","hash":"f2952dd6264e8eba0b4179f61a962f176c3fbef5"}
,"C:\\Users\\amaan\\Desktop\\Sem6\\CCP\\fragments\\src\\model\\data\\index.js": {"path":"C:\\Users\\amaan\\Desktop\\Sem6\\CCP\\fragments\\src\\model\\data\\index.js","statementMap":{"0":{"start":{"line":1,"column":0},"end":{"line":1,"column":37}}},"fnMap":{},"branchMap":{},"s":{"0":7},"f":{},"b":{},"_coverageSchema":"1a1c01bbd47fc00a2c39e90264f33305004495a9","hash":"2008c420a0ba10b4cd0d3da7c4df54baae11e2c8"}
,"C:\\Users\\amaan\\Desktop\\Sem6\\CCP\\fragments\\src\\model\\data\\memory\\index.js": {"path":"C:\\Users\\amaan\\Desktop\\Sem6\\CCP\\fragments\\src\\model\\data\\memory\\index.js","statementMap":{"0":{"start":{"line":1,"column":17},"end":{"line":1,"column":39}},"1":{"start":{"line":4,"column":13},"end":{"line":4,"column":27}},"2":{"start":{"line":5,"column":17},"end":{"line":5,"column":31}},"3":{"start":{"line":9,"column":2},"end":{"line":9,"column":63}},"4":{"start":{"line":14,"column":2},"end":{"line":14,"column":35}},"5":{"start":{"line":19,"column":2},"end":{"line":19,"column":38}},"6":{"start":{"line":24,"column":2},"end":{"line":24,"column":31}},"7":{"start":{"line":29,"column":20},"end":{"line":29,"column":49}},"8":{"start":{"line":32,"column":2},"end":{"line":34,"column":3}},"9":{"start":{"line":33,"column":4},"end":{"line":33,"column":21}},"10":{"start":{"line":37,"column":2},"end":{"line":37,"column":50}},"11":{"start":{"line":37,"column":37},"end":{"line":37,"column":48}},"12":{"start":{"line":42,"column":2},"end":{"line":47,"column":5}},"13":{"start":{"line":50,"column":0},"end":{"line":50,"column":45}},"14":{"start":{"line":51,"column":0},"end":{"line":51,"column":45}},"15":{"start":{"line":52,"column":0},"end":{"line":52,"column":43}},"16":{"start":{"line":53,"column":0},"end":{"line":53,"column":53}},"17":{"start":{"line":54,"column":0},"end":{"line":54,"column":51}},"18":{"start":{"line":55,"column":0},"end":{"line":55,"column":47}}},"fnMap":{"0":{"name":"writeFragment","decl":{"start":{"line":8,"column":9},"end":{"line":8,"column":22}},"loc":{"start":{"line":8,"column":33},"end":{"line":10,"column":1}},"line":8},"1":{"name":"readFragment","decl":{"start":{"line":13,"column":9},"end":{"line":13,"column":21}},"loc":{"start":{"line":13,"column":35},"end":{"line":15,"column":1}},"line":13},"2":{"name":"writeFragmentData","decl":{"start":{"line":18,"column":9},"end":{"line":18,"column":26}},"loc":{"start":{"line":18,"column":47},"end":{"line":20,"column":1}},"line":18},"3":{"name":"readFragmentData","decl":{"start":{"line":23,"column":9},"end":{"line":23,"column":25}},"loc":{"start":{"line":23,"column":39},"end":{"line":25,"column":1}},"line":23},"4":{"name":"listFragments","decl":{"start":{"line":28,"column":15},"end":{"line":28,"column":28}},"loc":{"start":{"line":28,"column":54},"end":{"line":38,"column":1}},"line":28},"5":{"name":"(anonymous_5)","decl":{"start":{"line":37,"column":23},"end":{"line":37,"column":24}},"loc":{"start":{"line":37,"column":37},"end":{"line":37,"column":48}},"line":37},"6":{"name":"deleteFragment","decl":{"start":{"line":41,"column":9},"end":{"line":41,"column":23}},"loc":{"start":{"line":41,"column":37},"end":{"line":48,"column":1}},"line":41}},"branchMap":{"0":{"loc":{"start":{"line":28,"column":38},"end":{"line":28,"column":52}},"type":"default-arg","locations":[{"start":{"line":28,"column":47},"end":{"line":28,"column":52}}],"line":28},"1":{"loc":{"start":{"line":32,"column":2},"end":{"line":34,"column":3}},"type":"if","locations":[{"start":{"line":32,"column":2},"end":{"line":34,"column":3}},{"start":{},"end":{}}],"line":32},"2":{"loc":{"start":{"line":32,"column":6},"end":{"line":32,"column":26}},"type":"binary-expr","locations":[{"start":{"line":32,"column":6},"end":{"line":32,"column":12}},{"start":{"line":32,"column":16},"end":{"line":32,"column":26}}],"line":32}},"s":{"0":8,"1":8,"2":8,"3":43,"4":15,"5":24,"6":7,"7":9,"8":9,"9":3,"10":6,"11":6,"12":3,"13":8,"14":8,"15":8,"16":8,"17":8,"18":8},"f":{"0":43,"1":15,"2":24,"3":7,"4":9,"5":6,"6":3},"b":{"0":[2],"1":[3,6],"2":[9,6]},"_coverageSchema":"1a1c01bbd47fc00a2c39e90264f33305004495a9","hash":"30eb22fb3e105e035e0fcb1898546a643a21a12f"}
,"C:\\Users\\amaan\\Desktop\\Sem6\\CCP\\fragments\\src\\model\\data\\memory\\memory-db.js": {"path":"C:\\Users\\amaan\\Desktop\\Sem6\\CCP\\fragments\\src\\model\\data\\memory\\memory-db.js","statementMap":{"0":{"start":{"line":1,"column":20},"end":{"line":1,"column":52}},"1":{"start":{"line":1,"column":29},"end":{"line":1,"column":52}},"2":{"start":{"line":6,"column":4},"end":{"line":6,"column":17}},"3":{"start":{"line":16,"column":4},"end":{"line":20,"column":5}},"4":{"start":{"line":17,"column":6},"end":{"line":19,"column":8}},"5":{"start":{"line":22,"column":15},"end":{"line":22,"column":22}},"6":{"start":{"line":23,"column":18},"end":{"line":23,"column":64}},"7":{"start":{"line":24,"column":4},"end":{"line":24,"column":34}},"8":{"start":{"line":34,"column":4},"end":{"line":38,"column":5}},"9":{"start":{"line":35,"column":6},"end":{"line":37,"column":8}},"10":{"start":{"line":40,"column":15},"end":{"line":40,"column":22}},"11":{"start":{"line":42,"column":4},"end":{"line":42,"column":42}},"12":{"start":{"line":44,"column":4},"end":{"line":44,"column":41}},"13":{"start":{"line":45,"column":4},"end":{"line":45,"column":29}},"14":{"start":{"line":55,"column":4},"end":{"line":57,"column":5}},"15":{"start":{"line":56,"column":6},"end":{"line":56,"column":85}},"16":{"start":{"line":60,"column":15},"end":{"line":60,"column":22}},"17":{"start":{"line":61,"column":19},"end":{"line":61,"column":70}},"18":{"start":{"line":62,"column":4},"end":{"line":62,"column":35}},"19":{"start":{"line":72,"column":4},"end":{"line":76,"column":5}},"20":{"start":{"line":73,"column":6},"end":{"line":75,"column":8}},"21":{"start":{"line":79,"column":4},"end":{"line":83,"column":5}},"22":{"start":{"line":80,"column":6},"end":{"line":82,"column":8}},"23":{"start":{"line":85,"column":15},"end":{"line":85,"column":22}},"24":{"start":{"line":86,"column":4},"end":{"line":86,"column":40}},"25":{"start":{"line":87,"column":4},"end":{"line":87,"column":29}},"26":{"start":{"line":91,"column":0},"end":{"line":91,"column":26}}},"fnMap":{"0":{"name":"(anonymous_0)","decl":{"start":{"line":1,"column":20},"end":{"line":1,"column":21}},"loc":{"start":{"line":1,"column":29},"end":{"line":1,"column":52}},"line":1},"1":{"name":"(anonymous_1)","decl":{"start":{"line":4,"column":2},"end":{"line":4,"column":3}},"loc":{"start":{"line":4,"column":16},"end":{"line":7,"column":3}},"line":4},"2":{"name":"(anonymous_2)","decl":{"start":{"line":15,"column":2},"end":{"line":15,"column":3}},"loc":{"start":{"line":15,"column":32},"end":{"line":25,"column":3}},"line":15},"3":{"name":"(anonymous_3)","decl":{"start":{"line":33,"column":2},"end":{"line":33,"column":3}},"loc":{"start":{"line":33,"column":39},"end":{"line":46,"column":3}},"line":33},"4":{"name":"(anonymous_4)","decl":{"start":{"line":54,"column":2},"end":{"line":54,"column":3}},"loc":{"start":{"line":54,"column":20},"end":{"line":63,"column":3}},"line":54},"5":{"name":"(anonymous_5)","decl":{"start":{"line":71,"column":2},"end":{"line":71,"column":3}},"loc":{"start":{"line":71,"column":38},"end":{"line":88,"column":3}},"line":71}},"branchMap":{"0":{"loc":{"start":{"line":16,"column":4},"end":{"line":20,"column":5}},"type":"if","locations":[{"start":{"line":16,"column":4},"end":{"line":20,"column":5}},{"start":{},"end":{}}],"line":16},"1":{"loc":{"start":{"line":16,"column":10},"end":{"line":16,"column":62}},"type":"binary-expr","locations":[{"start":{"line":16,"column":10},"end":{"line":16,"column":33}},{"start":{"line":16,"column":37},"end":{"line":16,"column":62}}],"line":16},"2":{"loc":{"start":{"line":23,"column":18},"end":{"line":23,"column":64}},"type":"binary-expr","locations":[{"start":{"line":23,"column":18},"end":{"line":23,"column":32}},{"start":{"line":23,"column":36},"end":{"line":23,"column":64}}],"line":23},"3":{"loc":{"start":{"line":34,"column":4},"end":{"line":38,"column":5}},"type":"if","locations":[{"start":{"line":34,"column":4},"end":{"line":38,"column":5}},{"start":{},"end":{}}],"line":34},"4":{"loc":{"start":{"line":34,"column":10},"end":{"line":34,"column":62}},"type":"binary-expr","locations":[{"start":{"line":34,"column":10},"end":{"line":34,"column":33}},{"start":{"line":34,"column":37},"end":{"line":34,"column":62}}],"line":34},"5":{"loc":{"start":{"line":42,"column":21},"end":{"line":42,"column":41}},"type":"binary-expr","locations":[{"start":{"line":42,"column":21},"end":{"line":42,"column":35}},{"start":{"line":42,"column":39},"end":{"line":42,"column":41}}],"line":42},"6":{"loc":{"start":{"line":55,"column":4},"end":{"line":57,"column":5}},"type":"if","locations":[{"start":{"line":55,"column":4},"end":{"line":57,"column":5}},{"start":{},"end":{}}],"line":55},"7":{"loc":{"start":{"line":61,"column":19},"end":{"line":61,"column":70}},"type":"cond-expr","locations":[{"start":{"line":61,"column":36},"end":{"line":61,"column":65}},{"start":{"line":61,"column":68},"end":{"line":61,"column":70}}],"line":61},"8":{"loc":{"start":{"line":72,"column":4},"end":{"line":76,"column":5}},"type":"if","locations":[{"start":{"line":72,"column":4},"end":{"line":76,"column":5}},{"start":{},"end":{}}],"line":72},"9":{"loc":{"start":{"line":72,"column":10},"end":{"line":72,"column":62}},"type":"binary-expr","locations":[{"start":{"line":72,"column":10},"end":{"line":72,"column":33}},{"start":{"line":72,"column":37},"end":{"line":72,"column":62}}],"line":72},"10":{"loc":{"start":{"line":79,"column":4},"end":{"line":83,"column":5}},"type":"if","locations":[{"start":{"line":79,"column":4},"end":{"line":83,"column":5}},{"start":{},"end":{}}],"line":79}},"s":{"0":8,"1":211,"2":16,"3":28,"4":0,"5":28,"6":28,"7":28,"8":67,"9":0,"10":67,"11":67,"12":67,"13":67,"14":9,"15":0,"16":9,"17":9,"18":9,"19":6,"20":0,"21":6,"22":2,"23":4,"24":4,"25":4,"26":8},"f":{"0":211,"1":16,"2":28,"3":67,"4":9,"5":6},"b":{"0":[0,28],"1":[28,28],"2":[28,26],"3":[0,67],"4":[67,67],"5":[67,31],"6":[0,9],"7":[6,3],"8":[0,6],"9":[6,6],"10":[2,4]},"_coverageSchema":"1a1c01bbd47fc00a2c39e90264f33305004495a9","hash":"9d57f9ba6addb4fb244c996d83077cf56c5518a4"}
,"C:\\Users\\amaan\\Desktop\\Sem6\\CCP\\fragments\\src\\routes\\index.js": {"path":"C:\\Users\\amaan\\Desktop\\Sem6\\CCP\\fragments\\src\\routes\\index.js","statementMap":{"0":{"start":{"line":3,"column":16},"end":{"line":3,"column":34}},"1":{"start":{"line":6,"column":28},"end":{"line":6,"column":57}},"2":{"start":{"line":9,"column":15},"end":{"line":9,"column":31}},"3":{"start":{"line":11,"column":25},"end":{"line":11,"column":52}},"4":{"start":{"line":12,"column":34},"end":{"line":12,"column":56}},"5":{"start":{"line":17,"column":0},"end":{"line":17,"column":52}},"6":{"start":{"line":23,"column":0},"end":{"line":36,"column":3}},"7":{"start":{"line":25,"column":2},"end":{"line":25,"column":45}},"8":{"start":{"line":27,"column":2},"end":{"line":35,"column":4}},"9":{"start":{"line":38,"column":0},"end":{"line":38,"column":24}}},"fnMap":{"0":{"name":"(anonymous_0)","decl":{"start":{"line":23,"column":16},"end":{"line":23,"column":17}},"loc":{"start":{"line":23,"column":30},"end":{"line":36,"column":1}},"line":23}},"branchMap":{},"s":{"0":6,"1":6,"2":6,"3":6,"4":6,"5":6,"6":6,"7":4,"8":4,"9":6},"f":{"0":4},"b":{},"_coverageSchema":"1a1c01bbd47fc00a2c39e90264f33305004495a9","hash":"662cf14f12246af98d2ebf19d9a2adb45c2595fd"}
,"C:\\Users\\amaan\\Desktop\\Sem6\\CCP\\fragments\\src\\routes\\api\\get-by-id-info.js": {"path":"C:\\Users\\amaan\\Desktop\\Sem6\\CCP\\fragments\\src\\routes\\api\\get-by-id-info.js","statementMap":{"0":{"start":{"line":1,"column":15},"end":{"line":1,"column":38}},"1":{"start":{"line":2,"column":21},"end":{"line":2,"column":52}},"2":{"start":{"line":3,"column":55},"end":{"line":3,"column":80}},"3":{"start":{"line":4,"column":0},"end":{"line":19,"column":2}},"4":{"start":{"line":5,"column":2},"end":{"line":18,"column":3}},"5":{"start":{"line":6,"column":21},"end":{"line":6,"column":65}},"6":{"start":{"line":7,"column":4},"end":{"line":7,"column":72}},"7":{"start":{"line":8,"column":4},"end":{"line":10,"column":5}},"8":{"start":{"line":9,"column":6},"end":{"line":9,"column":95}},"9":{"start":{"line":11,"column":4},"end":{"line":15,"column":6}},"10":{"start":{"line":17,"column":4},"end":{"line":17,"column":54}}},"fnMap":{"0":{"name":"(anonymous_0)","decl":{"start":{"line":4,"column":17},"end":{"line":4,"column":18}},"loc":{"start":{"line":4,"column":37},"end":{"line":19,"column":1}},"line":4}},"branchMap":{"0":{"loc":{"start":{"line":8,"column":4},"end":{"line":10,"column":5}},"type":"if","locations":[{"start":{"line":8,"column":4},"end":{"line":10,"column":5}},{"start":{},"end":{}}],"line":8}},"s":{"0":6,"1":6,"2":6,"3":6,"4":2,"5":2,"6":2,"7":2,"8":1,"9":1,"10":0},"f":{"0":2},"b":{"0":[1,1]},"_coverageSchema":"1a1c01bbd47fc00a2c39e90264f33305004495a9","hash":"f90b2e754a38d6c570005da89cc567745343643a"}
,"C:\\Users\\amaan\\Desktop\\Sem6\\CCP\\fragments\\src\\routes\\api\\get-by-id.js": {"path":"C:\\Users\\amaan\\Desktop\\Sem6\\CCP\\fragments\\src\\routes\\api\\get-by-id.js","statementMap":{"0":{"start":{"line":1,"column":13},"end":{"line":1,"column":28}},"1":{"start":{"line":2,"column":11},"end":{"line":4,"column":2}},"2":{"start":{"line":5,"column":15},"end":{"line":5,"column":38}},"3":{"start":{"line":6,"column":21},"end":{"line":6,"column":52}},"4":{"start":{"line":7,"column":32},"end":{"line":7,"column":57}},"5":{"start":{"line":8,"column":0},"end":{"line":62,"column":2}},"6":{"start":{"line":9,"column":2},"end":{"line":9,"column":65}},"7":{"start":{"line":10,"column":2},"end":{"line":61,"column":3}},"8":{"start":{"line":11,"column":21},"end":{"line":11,"column":79}},"9":{"start":{"line":12,"column":4},"end":{"line":12,"column":72}},"10":{"start":{"line":13,"column":4},"end":{"line":15,"column":5}},"11":{"start":{"line":14,"column":6},"end":{"line":14,"column":88}},"12":{"start":{"line":16,"column":17},"end":{"line":16,"column":41}},"13":{"start":{"line":17,"column":4},"end":{"line":17,"column":34}},"14":{"start":{"line":18,"column":22},"end":{"line":18,"column":49}},"15":{"start":{"line":19,"column":4},"end":{"line":19,"column":44}},"16":{"start":{"line":20,"column":4},"end":{"line":58,"column":5}},"17":{"start":{"line":21,"column":33},"end":{"line":21,"column":55}},"18":{"start":{"line":22,"column":6},"end":{"line":22,"column":53}},"19":{"start":{"line":23,"column":6},"end":{"line":23,"column":65}},"20":{"start":{"line":25,"column":18},"end":{"line":25,"column":22}},"21":{"start":{"line":26,"column":6},"end":{"line":30,"column":7}},"22":{"start":{"line":27,"column":8},"end":{"line":27,"column":38}},"23":{"start":{"line":29,"column":8},"end":{"line":29,"column":22}},"24":{"start":{"line":31,"column":6},"end":{"line":33,"column":7}},"25":{"start":{"line":32,"column":8},"end":{"line":32,"column":22}},"26":{"start":{"line":34,"column":6},"end":{"line":34,"column":38}},"27":{"start":{"line":35,"column":6},"end":{"line":44,"column":7}},"28":{"start":{"line":36,"column":8},"end":{"line":43,"column":12}},"29":{"start":{"line":45,"column":6},"end":{"line":53,"column":7}},"30":{"start":{"line":46,"column":8},"end":{"line":46,"column":50}},"31":{"start":{"line":47,"column":8},"end":{"line":47,"column":38}},"32":{"start":{"line":48,"column":30},"end":{"line":48,"column":56}},"33":{"start":{"line":49,"column":8},"end":{"line":49,"column":38}},"34":{"start":{"line":50,"column":8},"end":{"line":50,"column":55}},"35":{"start":{"line":51,"column":8},"end":{"line":51,"column":49}},"36":{"start":{"line":52,"column":8},"end":{"line":52,"column":46}},"37":{"start":{"line":55,"column":6},"end":{"line":55,"column":64}},"38":{"start":{"line":56,"column":6},"end":{"line":56,"column":45}},"39":{"start":{"line":57,"column":6},"end":{"line":57,"column":33}},"40":{"start":{"line":60,"column":4},"end":{"line":60,"column":54}}},"fnMap":{"0":{"name":"(anonymous_0)","decl":{"start":{"line":8,"column":17},"end":{"line":8,"column":18}},"loc":{"start":{"line":8,"column":37},"end":{"line":62,"column":1}},"line":8}},"branchMap":{"0":{"loc":{"start":{"line":13,"column":4},"end":{"line":15,"column":5}},"type":"if","locations":[{"start":{"line":13,"column":4},"end":{"line":15,"column":5}},{"start":{},"end":{}}],"line":13},"1":{"loc":{"start":{"line":20,"column":4},"end":{"line":58,"column":5}},"type":"if","locations":[{"start":{"line":20,"column":4},"end":{"line":58,"column":5}},{"start":{"line":54,"column":11},"end":{"line":58,"column":5}}],"line":20},"2":{"loc":{"start":{"line":26,"column":6},"end":{"line":30,"column":7}},"type":"if","locations":[{"start":{"line":26,"column":6},"end":{"line":30,"column":7}},{"start":{"line":28,"column":13},"end":{"line":30,"column":7}}],"line":26},"3":{"loc":{"start":{"line":31,"column":6},"end":{"line":33,"column":7}},"type":"if","locations":[{"start":{"line":31,"column":6},"end":{"line":33,"column":7}},{"start":{},"end":{}}],"line":31},"4":{"loc":{"start":{"line":35,"column":6},"end":{"line":44,"column":7}},"type":"if","locations":[{"start":{"line":35,"column":6},"end":{"line":44,"column":7}},{"start":{},"end":{}}],"line":35},"5":{"loc":{"start":{"line":45,"column":6},"end":{"line":53,"column":7}},"type":"if","locations":[{"start":{"line":45,"column":6},"end":{"line":53,"column":7}},{"start":{},"end":{}}],"line":45},"6":{"loc":{"start":{"line":45,"column":10},"end":{"line":45,"column":78}},"type":"binary-expr","locations":[{"start":{"line":45,"column":10},"end":{"line":45,"column":43}},{"start":{"line":45,"column":47},"end":{"line":45,"column":78}}],"line":45}},"s":{"0":6,"1":6,"2":6,"3":6,"4":6,"5":6,"6":4,"7":4,"8":4,"9":4,"10":4,"11":1,"12":3,"13":3,"14":3,"15":3,"16":3,"17":2,"18":2,"19":2,"20":2,"21":2,"22":1,"23":1,"24":2,"25":1,"26":2,"27":2,"28":1,"29":1,"30":1,"31":1,"32":1,"33":1,"34":1,"35":1,"36":1,"37":1,"38":1,"39":1,"40":0},"f":{"0":4},"b":{"0":[1,3],"1":[2,1],"2":[1,1],"3":[1,1],"4":[1,1],"5":[1,0],"6":[1,1]},"_coverageSchema":"1a1c01bbd47fc00a2c39e90264f33305004495a9","hash":"590688202d667ddc0bc9eba72b34c140d81fbde4"}
,"C:\\Users\\amaan\\Desktop\\Sem6\\CCP\\fragments\\src\\routes\\api\\get.js": {"path":"C:\\Users\\amaan\\Desktop\\Sem6\\CCP\\fragments\\src\\routes\\api\\get.js","statementMap":{"0":{"start":{"line":2,"column":21},"end":{"line":2,"column":52}},"1":{"start":{"line":3,"column":55},"end":{"line":3,"column":80}},"2":{"start":{"line":8,"column":15},"end":{"line":8,"column":38}},"3":{"start":{"line":9,"column":0},"end":{"line":23,"column":2}},"4":{"start":{"line":10,"column":2},"end":{"line":10,"column":58}},"5":{"start":{"line":12,"column":2},"end":{"line":22,"column":3}},"6":{"start":{"line":13,"column":4},"end":{"line":13,"column":86}},"7":{"start":{"line":14,"column":22},"end":{"line":14,"column":61}},"8":{"start":{"line":15,"column":4},"end":{"line":19,"column":6}},"9":{"start":{"line":21,"column":4},"end":{"line":21,"column":54}}},"fnMap":{"0":{"name":"(anonymous_0)","decl":{"start":{"line":9,"column":17},"end":{"line":9,"column":18}},"loc":{"start":{"line":9,"column":37},"end":{"line":23,"column":1}},"line":9}},"branchMap":{"0":{"loc":{"start":{"line":13,"column":4},"end":{"line":13,"column":85}},"type":"cond-expr","locations":[{"start":{"line":13,"column":52},"end":{"line":13,"column":65}},{"start":{"line":13,"column":70},"end":{"line":13,"column":84}}],"line":13},"1":{"loc":{"start":{"line":13,"column":4},"end":{"line":13,"column":48}},"type":"binary-expr","locations":[{"start":{"line":13,"column":4},"end":{"line":13,"column":20}},{"start":{"line":13,"column":24},"end":{"line":13,"column":48}}],"line":13}},"s":{"0":6,"1":6,"2":6,"3":6,"4":3,"5":3,"6":3,"7":3,"8":3,"9":0},"f":{"0":3},"b":{"0":[1,2],"1":[3,1]},"_coverageSchema":"1a1c01bbd47fc00a2c39e90264f33305004495a9","hash":"8b0f1a61686e42e7a4abf0d5464553fd481d4dde"}
,"C:\\Users\\amaan\\Desktop\\Sem6\\CCP\\fragments\\src\\routes\\api\\index.js": {"path":"C:\\Users\\amaan\\Desktop\\Sem6\\CCP\\fragments\\src\\routes\\api\\index.js","statementMap":{"0":{"start":{"line":4,"column":16},"end":{"line":4,"column":34}},"1":{"start":{"line":5,"column":20},"end":{"line":5,"column":43}},"2":{"start":{"line":6,"column":21},"end":{"line":6,"column":52}},"3":{"start":{"line":7,"column":15},"end":{"line":7,"column":38}},"4":{"start":{"line":10,"column":15},"end":{"line":10,"column":31}},"5":{"start":{"line":13,"column":16},"end":{"line":25,"column":4}},"6":{"start":{"line":14,"column":2},"end":{"line":25,"column":4}},"7":{"start":{"line":21,"column":23},"end":{"line":21,"column":45}},"8":{"start":{"line":22,"column":6},"end":{"line":22,"column":48}},"9":{"start":{"line":23,"column":6},"end":{"line":23,"column":44}},"10":{"start":{"line":28,"column":0},"end":{"line":28,"column":43}},"11":{"start":{"line":31,"column":0},"end":{"line":31,"column":53}},"12":{"start":{"line":33,"column":0},"end":{"line":33,"column":63}},"13":{"start":{"line":36,"column":0},"end":{"line":36,"column":56}},"14":{"start":{"line":38,"column":0},"end":{"line":38,"column":24}}},"fnMap":{"0":{"name":"(anonymous_0)","decl":{"start":{"line":13,"column":16},"end":{"line":13,"column":17}},"loc":{"start":{"line":14,"column":2},"end":{"line":25,"column":4}},"line":14},"1":{"name":"(anonymous_1)","decl":{"start":{"line":17,"column":10},"end":{"line":17,"column":11}},"loc":{"start":{"line":17,"column":19},"end":{"line":24,"column":5}},"line":17}},"branchMap":{},"s":{"0":6,"1":6,"2":6,"3":6,"4":6,"5":6,"6":6,"7":12,"8":12,"9":12,"10":6,"11":6,"12":6,"13":6,"14":6},"f":{"0":6,"1":12},"b":{},"_coverageSchema":"1a1c01bbd47fc00a2c39e90264f33305004495a9","hash":"e191ea1ae70521c03b4dd9c012eb41480b69f0c9"}
,"C:\\Users\\amaan\\Desktop\\Sem6\\CCP\\fragments\\src\\routes\\api\\post.js": {"path":"C:\\Users\\amaan\\Desktop\\Sem6\\CCP\\fragments\\src\\routes\\api\\post.js","statementMap":{"0":{"start":{"line":1,"column":55},"end":{"line":1,"column":80}},"1":{"start":{"line":2,"column":21},"end":{"line":2,"column":52}},"2":{"start":{"line":3,"column":15},"end":{"line":3,"column":38}},"3":{"start":{"line":5,"column":0},"end":{"line":29,"column":2}},"4":{"start":{"line":6,"column":2},"end":{"line":6,"column":36}},"5":{"start":{"line":8,"column":2},"end":{"line":10,"column":3}},"6":{"start":{"line":9,"column":4},"end":{"line":9,"column":84}},"7":{"start":{"line":12,"column":2},"end":{"line":28,"column":3}},"8":{"start":{"line":13,"column":21},"end":{"line":13,"column":87}},"9":{"start":{"line":14,"column":4},"end":{"line":14,"column":26}},"10":{"start":{"line":15,"column":4},"end":{"line":15,"column":37}},"11":{"start":{"line":17,"column":4},"end":{"line":17,"column":70}},"12":{"start":{"line":19,"column":4},"end":{"line":19,"column":43}},"13":{"start":{"line":20,"column":4},"end":{"line":20,"column":78}},"14":{"start":{"line":21,"column":4},"end":{"line":25,"column":6}},"15":{"start":{"line":27,"column":4},"end":{"line":27,"column":56}}},"fnMap":{"0":{"name":"(anonymous_0)","decl":{"start":{"line":5,"column":17},"end":{"line":5,"column":18}},"loc":{"start":{"line":5,"column":37},"end":{"line":29,"column":1}},"line":5}},"branchMap":{"0":{"loc":{"start":{"line":8,"column":2},"end":{"line":10,"column":3}},"type":"if","locations":[{"start":{"line":8,"column":2},"end":{"line":10,"column":3}},{"start":{},"end":{}}],"line":8}},"s":{"0":6,"1":6,"2":6,"3":6,"4":12,"5":12,"6":1,"7":11,"8":11,"9":11,"10":11,"11":11,"12":11,"13":11,"14":11,"15":0},"f":{"0":12},"b":{"0":[1,11]},"_coverageSchema":"1a1c01bbd47fc00a2c39e90264f33305004495a9","hash":"79431dacd4ce88d84a4bf7cc84300a462af12de5"}
}
