TN:
SF:src\app.js
FN:57,(anonymous_0)
FN:71,(anonymous_1)
FNF:2
FNH:1
FNDA:1,(anonymous_0)
FNDA:0,(anonymous_1)
DA:3,6
DA:4,6
DA:5,6
DA:6,6
DA:7,6
DA:8,6
DA:9,6
DA:13,6
DA:14,6
DA:20,6
DA:23,6
DA:26,6
DA:29,6
DA:32,6
DA:35,6
DA:36,6
DA:55,6
DA:57,6
DA:58,1
DA:71,6
DA:74,0
DA:75,0
DA:78,0
DA:79,0
DA:82,0
DA:92,6
LF:26
LH:21
BRDA:74,0,0,0
BRDA:74,0,1,0
BRDA:75,1,0,0
BRDA:75,1,1,0
BRDA:78,2,0,0
BRDA:78,2,1,0
BRF:6
BRH:0
end_of_record
TN:
SF:src\hash.js
FN:18,(anonymous_0)
FNF:1
FNH:1
FNDA:24,(anonymous_0)
DA:16,7
DA:18,24
LF:2
LH:2
BRF:0
BRH:0
end_of_record
TN:
SF:src\logger.js
FNF:0
FNH:0
DA:4,7
DA:7,7
DA:9,0
DA:19,7
LF:4
LH:3
BRDA:4,0,0,7
BRDA:4,0,1,0
BRDA:7,1,0,0
BRDA:7,1,1,7
BRF:4
BRH:2
end_of_record
TN:
SF:src\response.js
FN:11,(anonymous_0)
FN:31,(anonymous_1)
FNF:2
FNH:2
FNDA:21,(anonymous_0)
FNDA:14,(anonymous_1)
DA:11,7
DA:12,21
DA:31,7
DA:33,14
LF:4
LH:4
BRF:0
BRH:0
end_of_record
TN:
SF:src\authorization\authorize-middleware.js
FN:11,(anonymous_0)
FN:12,(anonymous_1)
FN:19,callback
FNF:3
FNH:3
FNDA:6,(anonymous_0)
FNDA:29,(anonymous_1)
FNDA:29,callback
DA:1,6
DA:3,6
DA:4,6
DA:5,6
DA:11,6
DA:12,6
DA:21,29
DA:22,0
DA:23,0
DA:27,29
DA:28,8
DA:32,21
DA:33,21
DA:34,21
DA:39,29
LF:15
LH:13
BRDA:21,0,0,0
BRDA:21,0,1,29
BRDA:27,1,0,8
BRDA:27,1,1,21
BRF:4
BRH:3
end_of_record
TN:
SF:src\authorization\basic-auth.js
FN:15,(anonymous_0)
FN:24,(anonymous_1)
FNF:2
FNH:2
FNDA:6,(anonymous_0)
FNDA:6,(anonymous_1)
DA:6,6
DA:8,6
DA:9,6
DA:11,6
DA:12,0
DA:15,6
DA:18,6
DA:24,6
LF:8
LH:7
BRDA:11,0,0,0
BRDA:11,0,1,6
BRF:2
BRH:1
end_of_record
TN:
SF:src\authorization\index.js
FNF:0
FNH:0
DA:4,6
DA:5,0
DA:8,6
DA:9,6
DA:13,0
LF:5
LH:3
BRDA:4,0,0,0
BRDA:4,0,1,6
BRDA:4,1,0,6
BRDA:4,1,1,0
BRDA:8,2,0,6
BRDA:8,2,1,0
BRDA:8,3,0,6
BRDA:8,3,1,6
BRF:8
BRH:5
end_of_record
TN:
SF:src\model\fragment.js
FN:32,(anonymous_0)
FN:57,(anonymous_1)
FN:67,(anonymous_2)
FN:77,(anonymous_3)
FN:85,(anonymous_4)
FN:94,(anonymous_5)
FN:103,(anonymous_6)
FN:118,(anonymous_7)
FN:127,(anonymous_8)
FN:139,(anonymous_9)
FN:158,(anonymous_10)
FN:160,(anonymous_11)
FNF:12
FNH:12
FNDA:41,(anonymous_0)
FNDA:6,(anonymous_1)
FNDA:11,(anonymous_2)
FNDA:1,(anonymous_3)
FNDA:36,(anonymous_4)
FNDA:4,(anonymous_5)
FNDA:19,(anonymous_6)
FNDA:9,(anonymous_7)
FNDA:1,(anonymous_8)
FNDA:3,(anonymous_9)
FNDA:58,(anonymous_10)
FNDA:90,(anonymous_11)
DA:2,7
DA:4,7
DA:14,7
DA:16,7
DA:18,7
DA:33,41
DA:34,3
DA:35,38
DA:36,1
DA:37,37
DA:38,1
DA:39,36
DA:40,1
DA:42,35
DA:43,35
DA:44,35
DA:45,35
DA:46,35
DA:47,35
DA:58,6
DA:68,11
DA:78,1
DA:86,36
DA:87,36
DA:95,4
DA:104,19
DA:105,1
DA:107,18
DA:108,18
DA:109,18
DA:119,9
DA:120,9
DA:128,1
DA:129,1
DA:131,0
DA:140,3
DA:141,2
DA:142,1
DA:143,1
DA:144,0
DA:145,0
DA:146,0
DA:147,0
DA:149,0
DA:159,58
DA:160,90
DA:161,58
DA:165,7
LF:48
LH:42
BRDA:32,0,0,13
BRDA:33,1,0,3
BRDA:33,1,1,38
BRDA:33,2,0,41
BRDA:33,2,1,39
BRDA:35,3,0,1
BRDA:35,3,1,37
BRDA:37,4,0,1
BRDA:37,4,1,36
BRDA:39,5,0,1
BRDA:39,5,1,35
BRDA:42,6,0,35
BRDA:42,6,1,34
BRDA:57,7,0,2
BRDA:104,8,0,1
BRDA:104,8,1,18
BRDA:128,9,0,1
BRDA:128,9,1,0
BRDA:140,10,0,2
BRDA:140,10,1,1
BRDA:142,11,0,1
BRDA:142,11,1,0
BRDA:144,12,0,0
BRDA:144,12,1,0
BRDA:146,13,0,0
BRDA:146,13,1,0
BRF:26
BRH:20
end_of_record
TN:
SF:src\model\data\index.js
FNF:0
FNH:0
DA:1,7
LF:1
LH:1
BRF:0
BRH:0
end_of_record
TN:
SF:src\model\data\memory\index.js
FN:8,writeFragment
FN:13,readFragment
FN:18,writeFragmentData
FN:23,readFragmentData
FN:28,listFragments
FN:37,(anonymous_5)
FN:41,deleteFragment
FNF:7
FNH:7
FNDA:43,writeFragment
FNDA:15,readFragment
FNDA:24,writeFragmentData
FNDA:7,readFragmentData
FNDA:9,listFragments
FNDA:6,(anonymous_5)
FNDA:3,deleteFragment
DA:1,8
DA:4,8
DA:5,8
DA:9,43
DA:14,15
DA:19,24
DA:24,7
DA:29,9
DA:32,9
DA:33,3
DA:37,6
DA:42,3
DA:50,8
DA:51,8
DA:52,8
DA:53,8
DA:54,8
DA:55,8
LF:18
LH:18
BRDA:28,0,0,2
BRDA:32,1,0,3
BRDA:32,1,1,6
BRDA:32,2,0,9
BRDA:32,2,1,6
BRF:5
BRH:5
end_of_record
TN:
SF:src\model\data\memory\memory-db.js
FN:1,(anonymous_0)
FN:4,(anonymous_1)
FN:15,(anonymous_2)
FN:33,(anonymous_3)
FN:54,(anonymous_4)
FN:71,(anonymous_5)
FNF:6
FNH:6
FNDA:211,(anonymous_0)
FNDA:16,(anonymous_1)
FNDA:28,(anonymous_2)
FNDA:67,(anonymous_3)
FNDA:9,(anonymous_4)
FNDA:6,(anonymous_5)
DA:1,211
DA:6,16
DA:16,28
DA:17,0
DA:22,28
DA:23,28
DA:24,28
DA:34,67
DA:35,0
DA:40,67
DA:42,67
DA:44,67
DA:45,67
DA:55,9
DA:56,0
DA:60,9
DA:61,9
DA:62,9
DA:72,6
DA:73,0
DA:79,6
DA:80,2
DA:85,4
DA:86,4
DA:87,4
DA:91,8
LF:26
LH:22
BRDA:16,0,0,0
BRDA:16,0,1,28
BRDA:16,1,0,28
BRDA:16,1,1,28
BRDA:23,2,0,28
BRDA:23,2,1,26
BRDA:34,3,0,0
BRDA:34,3,1,67
BRDA:34,4,0,67
BRDA:34,4,1,67
BRDA:42,5,0,67
BRDA:42,5,1,31
BRDA:55,6,0,0
BRDA:55,6,1,9
BRDA:61,7,0,6
BRDA:61,7,1,3
BRDA:72,8,0,0
BRDA:72,8,1,6
BRDA:72,9,0,6
BRDA:72,9,1,6
BRDA:79,10,0,2
BRDA:79,10,1,4
BRF:22
BRH:18
end_of_record
TN:
SF:src\routes\index.js
FN:23,(anonymous_0)
FNF:1
FNH:1
FNDA:4,(anonymous_0)
DA:3,6
DA:6,6
DA:9,6
DA:11,6
DA:12,6
DA:17,6
DA:23,6
DA:25,4
DA:27,4
DA:38,6
LF:10
LH:10
BRF:0
BRH:0
end_of_record
TN:
SF:src\routes\api\get-by-id-info.js
FN:4,(anonymous_0)
FNF:1
FNH:1
FNDA:2,(anonymous_0)
DA:1,6
DA:2,6
DA:3,6
DA:4,6
DA:5,2
DA:6,2
DA:7,2
DA:8,2
DA:9,1
DA:11,1
DA:17,0
LF:11
LH:10
BRDA:8,0,0,1
BRDA:8,0,1,1
BRF:2
BRH:2
end_of_record
TN:
SF:src\routes\api\get-by-id.js
FN:8,(anonymous_0)
FNF:1
FNH:1
FNDA:4,(anonymous_0)
DA:1,6
DA:2,6
DA:5,6
DA:6,6
DA:7,6
DA:8,6
DA:9,4
DA:10,4
DA:11,4
DA:12,4
DA:13,4
DA:14,1
DA:16,3
DA:17,3
DA:18,3
DA:19,3
DA:20,3
DA:21,2
DA:22,2
DA:23,2
DA:25,2
DA:26,2
DA:27,1
DA:29,1
DA:31,2
DA:32,1
DA:34,2
DA:35,2
DA:36,1
DA:45,1
DA:46,1
DA:47,1
DA:48,1
DA:49,1
DA:50,1
DA:51,1
DA:52,1
DA:55,1
DA:56,1
DA:57,1
DA:60,0
LF:41
LH:40
BRDA:13,0,0,1
BRDA:13,0,1,3
BRDA:20,1,0,2
BRDA:20,1,1,1
BRDA:26,2,0,1
BRDA:26,2,1,1
BRDA:31,3,0,1
BRDA:31,3,1,1
BRDA:35,4,0,1
BRDA:35,4,1,1
BRDA:45,5,0,1
BRDA:45,5,1,0
BRDA:45,6,0,1
BRDA:45,6,1,1
BRF:14
BRH:13
end_of_record
TN:
SF:src\routes\api\get.js
FN:9,(anonymous_0)
FNF:1
FNH:1
FNDA:3,(anonymous_0)
DA:2,6
DA:3,6
DA:8,6
DA:9,6
DA:10,3
DA:12,3
DA:13,3
DA:14,3
DA:15,3
DA:21,0
LF:10
LH:9
BRDA:13,0,0,1
BRDA:13,0,1,2
BRDA:13,1,0,3
BRDA:13,1,1,1
BRF:4
BRH:4
end_of_record
TN:
SF:src\routes\api\index.js
FN:13,(anonymous_0)
FN:17,(anonymous_1)
FNF:2
FNH:2
FNDA:6,(anonymous_0)
FNDA:12,(anonymous_1)
DA:4,6
DA:5,6
DA:6,6
DA:7,6
DA:10,6
DA:13,6
DA:14,6
DA:21,12
DA:22,12
DA:23,12
DA:28,6
DA:31,6
DA:33,6
DA:36,6
DA:38,6
LF:15
LH:15
BRF:0
BRH:0
end_of_record
TN:
SF:src\routes\api\post.js
FN:5,(anonymous_0)
FNF:1
FNH:1
FNDA:12,(anonymous_0)
DA:1,6
DA:2,6
DA:3,6
DA:5,6
DA:6,12
DA:8,12
DA:9,1
DA:12,11
DA:13,11
DA:14,11
DA:15,11
DA:17,11
DA:19,11
DA:20,11
DA:21,11
DA:27,0
LF:16
LH:15
BRDA:8,0,0,1
BRDA:8,0,1,11
BRF:2
BRH:2
end_of_record
